  Assembling ASMx64.asm...
ASMx64.asm(1): error A2013: .MODEL must precede this directive
ASMx64.asm(2): error A2119: language type must be specified
ASMx64.asm(4): error A2034: must be in segment block
ASMx64.asm(5): error A2034: must be in segment block
ASMx64.asm(6): error A2034: must be in segment block
ASMx64.asm(7): error A2013: .MODEL must precede this directive
ASMx64.asm(9): error A2034: must be in segment block : start
ASMx64.asm(10): error A2034: must be in segment block
ASMx64.asm(11): error A2034: must be in segment block
ASMx64.asm(12): error A2034: must be in segment block
ASMx64.asm(13): error A2034: must be in segment block
ASMx64.asm(14): error A2034: must be in segment block
ASMx64.asm(15): error A2034: must be in segment block
ASMx64.asm(16): error A2034: must be in segment block
ASMx64.asm(18): error A2034: must be in segment block
ASMx64.asm(19): error A2034: must be in segment block
ASMx64.asm(20): error A2034: must be in segment block
ASMx64.asm(21): error A2034: must be in segment block
ASMx64.asm(22): error A2034: must be in segment block
ASMx64.asm(23): error A2034: must be in segment block
ASMx64.asm(24): error A2034: must be in segment block
ASMx64.asm(26): error A2034: must be in segment block
ASMx64.asm(27): error A2034: must be in segment block
ASMx64.asm(28): error A2034: must be in segment block
ASMx64.asm(29): fatal error A1010: unmatched block nesting : start
C:\Program Files (x86)\Microsoft Visual Studio\2019\Community\MSBuild\Microsoft\VC\v160\BuildCustomizations\masm.targets(70,5): error MSB3721: 命令“ml.exe /c /nologo /Zi /Fo"Debug\ASMx64.obj" /W3 /errorReport:prompt  /TaASMx64.asm”已退出，返回代码为 1。
